<?xml version="1.0" encoding="UTF-8"?>
<!-- Generated by org.testng.reporters.JUnitReportReporter -->
<testsuite skipped="0" hostname="NandhaComputer" name="testcase.Mercury_TwoWay.BookTwoWay" tests="1" failures="0" timestamp="28 Jun 2019 15:30:26 GMT" time="26.765" errors="0">
  <testcase name="twoWay" time="26.765" classname="testcase.Mercury_TwoWay.BookTwoWay"/>
</testsuite> <!-- testcase.Mercury_TwoWay.BookTwoWay -->
