<?xml version="1.0" encoding="UTF-8"?>
<!-- Generated by org.testng.reporters.JUnitReportReporter -->
<testsuite skipped="0" hostname="NandhaComputer" name="dryTestNG.TC1" tests="2" failures="0" timestamp="28 Jun 2019 14:15:31 GMT" time="0.018" errors="0">
  <testcase name="methodA" time="0.015" classname="dryTestNG.TC1"/>
  <testcase name="methodB" time="0.003" classname="dryTestNG.TC1"/>
</testsuite> <!-- dryTestNG.TC1 -->
