<?xml version="1.0" encoding="UTF-8"?>
<!-- Generated by org.testng.reporters.JUnitReportReporter -->
<testsuite skipped="0" hostname="NandhaComputer" name="testcase.Mercury.BookOneWay" tests="1" failures="0" timestamp="28 Jun 2019 15:30:26 GMT" time="27.207" errors="0">
  <testcase name="oneWay" time="27.207" classname="testcase.Mercury.BookOneWay"/>
</testsuite> <!-- testcase.Mercury.BookOneWay -->
